#
# A fatal error has been detected by the Java Runtime Environment:
#
#  SIGBUS (0x7) at pc=0x00007ffbb5cb6ecd, pid=27319, tid=0x00007ffb8b352700
#
# JRE version: OpenJDK Runtime Environment (8.0_171-b11) (build 1.8.0_171-8u171-b11-0ubuntu0.16.04.1-b11)
# Java VM: OpenJDK 64-Bit Server VM (25.171-b11 mixed mode linux-amd64 compressed oops)
# Problematic frame:
# C  [libzip.so+0x4ecd]
#
# Failed to write core dump. Core dumps have been disabled. To enable core dumping, try "ulimit -c unlimited" before starting Java again
#
# If you would like to submit a bug report, please visit:
#   http://bugreport.java.com/bugreport/crash.jsp
# The crash happened outside the Java Virtual Machine in native code.
# See problematic frame for where to report the bug.
#

---------------  T H R E A D  ---------------

Current thread (0x00007ffbb10a5000):  JavaThread "dispatcher-event-loop-1" daemon [_thread_in_native, id=27364, stack(0x00007ffb8b252000,0x00007ffb8b353000)]

siginfo: si_signo: 7 (SIGBUS), si_code: 2 (BUS_ADRERR), si_addr: 0x00007ffb8bf63977

Registers:
RAX=0x00007ffb380019f0, RBX=0x00007ffbb0d8a870, RCX=0x00007ffb8bf63957, RDX=0x00007ffb380019f0
RSP=0x00007ffb8b34f3c0, RBP=0x00007ffb8b34f430, RSI=0x0000000090000000, RDI=0x0000000000000370
R8 =0x00007ffb38000428, R9 =0x00007ffbb84e0040, R10=0x00007ffba113ecd8, R11=0x00000000eb45d980
R12=0x00007ffb9057c258, R13=0x00007ffb8b34f4e9, R14=0x000000000114b630, R15=0x00007ffb380019f0
RIP=0x00007ffbb5cb6ecd, EFLAGS=0x0000000000010202, CSGSFS=0x002b000000000033, ERR=0x0000000000000004
  TRAPNO=0x000000000000000e

Top of Stack: (sp=0x00007ffb8b34f3c0)
0x00007ffb8b34f3c0:   00007ffbb43a7d80 00007ffbb10a5000
0x00007ffb8b34f3d0:   00007ffbb43a79ce 00007ffb000000b6
0x00007ffb8b34f3e0:   00007ffbb43a7a40 00007ffbb10a5000
0x00007ffb8b34f3f0:   00000000b10a5000 00007ffbb7e5de70
0x00007ffb8b34f400:   000000000000004a 00007ffb9057c250
0x00007ffb8b34f410:   00000000c63e909a 00007ffb8b34f4e9
0x00007ffb8b34f420:   000000000114b630 00007ffbb0d8a870
0x00007ffb8b34f430:   00007ffb8b34f480 00007ffbb5cb7c64
0x00007ffb8b34f440:   00007ffb8b34f4a0 0000004a01243e00
0x00007ffb8b34f450:   00007ffb8b34f480 000000000000004a
0x00007ffb8b34f460:   00007ffbb10a51e0 00000000c012a5e8
0x00007ffb8b34f470:   00007ffb8b34f8f8 00007ffbb0d8a870
0x00007ffb8b34f480:   00007ffb8b34f8e0 00007ffbb5cb5bcc
0x00007ffb8b34f490:   00007ffb8b34f4a0 0000000100000000
0x00007ffb8b34f4a0:   636170612f67726f 6b726170732f6568
0x00007ffb8b34f4b0:   696d61657274732f 74746977742f676e
0x00007ffb8b34f4c0:   74746977542f7265 7669656365527265
0x00007ffb8b34f4d0:   6e6f6e6124247265 74536e6f246e7566
0x00007ffb8b34f4e0:   616c632e3124706f 00007ffb8b007373
0x00007ffb8b34f4f0:   00007ffb8b3504e8 00007ffb8b3504ec
0x00007ffb8b34f500:   00007ffb8b3504e0 00007ffb8b3504e4
0x00007ffb8b34f510:   00007ffb8b3504d8 00007ffb8b3504dc
0x00007ffb8b34f520:   00007ffb8b3504d0 00007ffb8b3504d4
0x00007ffb8b34f530:   00007ffb8b3504c8 00007ffb8b3504cc
0x00007ffb8b34f540:   00007ffb8b3504c0 00007ffb8b3504c4
0x00007ffb8b34f550:   00007ffbb10a5000 00007ffbb10a5000
0x00007ffb8b34f560:   00007ffb8b34f6f0 00007ffbb7c640ba
0x00007ffb8b34f570:   636170610000000d 00007ffb38000cf8
0x00007ffb8b34f580:   00007ffbb10a5000 0000000000000000
0x00007ffb8b34f590:   00007ffb00000000 00007ffb00000057
0x00007ffb8b34f5a0:   00007ffb8b34f5f0 00007ffbb7a291a7
0x00007ffb8b34f5b0:   00007ffb8b34f700 00007ffba104778a 

Instructions: (pc=0x00007ffbb5cb6ecd)
0x00007ffbb5cb6ead:   40 30 00 00 00 00 48 c7 40 28 00 00 00 00 0f 84
0x00007ffbb5cb6ebd:   bf 01 00 00 49 8b 0c 24 48 2b 4b 28 48 03 4b 18
0x00007ffbb5cb6ecd:   0f b7 41 20 44 0f b7 69 1c 49 89 ce 44 0f b7 61
0x00007ffbb5cb6edd:   1e 89 45 c0 41 8b 46 0c 48 c7 45 c8 00 00 00 00 

Register to memory mapping:

RAX=0x00007ffb380019f0 is an unknown value
RBX=0x00007ffbb0d8a870 is an unknown value
RCX=0x00007ffb8bf63957 is an unknown value
RDX=0x00007ffb380019f0 is an unknown value
RSP=0x00007ffb8b34f3c0 is pointing into the stack for thread: 0x00007ffbb10a5000
RBP=0x00007ffb8b34f430 is pointing into the stack for thread: 0x00007ffbb10a5000
RSI=0x0000000090000000 is an unknown value
RDI=0x0000000000000370 is an unknown value
R8 =0x00007ffb38000428 is an unknown value
R9 =0x00007ffbb84e0040: <offset 0xefc040> in /usr/lib/jvm/java-8-openjdk-amd64/jre/lib/amd64/server/libjvm.so at 0x00007ffbb75e4000
R10=0x00007ffba113ecd8 is at entry_point+88 in (nmethod*)0x00007ffba113eb10
R11=0x00000000eb45d980 is an oop
