#
# A fatal error has been detected by the Java Runtime Environment:
#
#  SIGBUS (0x7) at pc=0x00007fb1e5d4decd, pid=28626, tid=0x00007fb18321e700
#
# JRE version: OpenJDK Runtime Environment (8.0_171-b11) (build 1.8.0_171-8u171-b11-0ubuntu0.16.04.1-b11)
# Java VM: OpenJDK 64-Bit Server VM (25.171-b11 mixed mode linux-amd64 compressed oops)
# Problematic frame:
# C  [libzip.so+0x4ecd]
#
# Failed to write core dump. Core dumps have been disabled. To enable core dumping, try "ulimit -c unlimited" before starting Java again
#
# If you would like to submit a bug report, please visit:
#   http://bugreport.java.com/bugreport/crash.jsp
# The crash happened outside the Java Virtual Machine in native code.
# See problematic frame for where to report the bug.
#

---------------  T H R E A D  ---------------

Current thread (0x00007fb1e110e000):  JavaThread "dispatcher-event-loop-3" daemon [_thread_in_native, id=28674, stack(0x00007fb18311e000,0x00007fb18321f000)]

siginfo: si_signo: 7 (SIGBUS), si_code: 2 (BUS_ADRERR), si_addr: 0x00007fb1b858d977

Registers:
RAX=0x00007fb16c003240, RBX=0x00007fb1e0dd5c20, RCX=0x00007fb1b858d957, RDX=0x00007fb16c003240
RSP=0x00007fb18321b4a0, RBP=0x00007fb18321b510, RSI=0x00007fb16c000038, RDI=0x0000000000000003
R8 =0x0000000000000000, R9 =0x00007fb1e8577040, R10=0x00007fb1d113e2d8, R11=0x00000000eb75ad48
R12=0x00007fb183fe9258, R13=0x00007fb18321b5c9, R14=0x00007fb0d0015e80, R15=0x00007fb16c003240
RIP=0x00007fb1e5d4decd, EFLAGS=0x0000000000010202, CSGSFS=0x002b000000000033, ERR=0x0000000000000004
  TRAPNO=0x000000000000000e

Top of Stack: (sp=0x00007fb18321b4a0)
0x00007fb18321b4a0:   00007fb1e443ea40 00007fb1e110e000
0x00007fb18321b4b0:   00007fb18321c380 00007fb1d1045c1a
0x00007fb18321b4c0:   00007fb1d1045b50 441e792600000000
0x00007fb18321b4d0:   00000000e110e000 00007fb1e7ef4e70
0x00007fb18321b4e0:   000000000000004a 00007fb183fe9250
0x00007fb18321b4f0:   00000000c63e909a 00007fb18321b5c9
0x00007fb18321b500:   00007fb0d0015e80 00007fb1e0dd5c20
0x00007fb18321b510:   00007fb18321b560 00007fb1e5d4ec64
0x00007fb18321b520:   00007fb18321b580 0000004a018a2a00
0x00007fb18321b530:   00007fb18321b560 000000000000004a
0x00007fb18321b540:   00007fb1e110e1e0 00000000c0142780
0x00007fb18321b550:   00007fb18321b9d8 00007fb1e0dd5c20
0x00007fb18321b560:   00007fb18321b9c0 00007fb1e5d4cbcc
0x00007fb18321b570:   00007fb18321b580 000000018321c5cc
0x00007fb18321b580:   636170612f67726f 6b726170732f6568
0x00007fb18321b590:   696d61657274732f 74746977742f676e
0x00007fb18321b5a0:   74746977542f7265 7669656365527265
0x00007fb18321b5b0:   6e6f6e6124247265 74536e6f246e7566
0x00007fb18321b5c0:   616c632e3124706f 00007fb183007373
0x00007fb18321b5d0:   00007fb18321c598 00007fb18321c59c
0x00007fb18321b5e0:   00007fb18321c590 00007fb18321c594
0x00007fb18321b5f0:   00007fb18321c588 00007fb18321c58c
0x00007fb18321b600:   00007fb18321c580 00007fb18321c584
0x00007fb18321b610:   0000000000000000 00007fb1e8c4892d
0x00007fb18321b620:   00007fb1e8126dce 00007fb183010150
0x00007fb18321b630:   0000000000000000 00007fb18321b5e8
0x00007fb18321b640:   00007fb18321b629 0000000800000002
0x00007fb18321b650:   00007fb100000000 441e79261a8a2a00
0x00007fb18321b660:   00007fb18321b6b0 00007fb1e7ac01a7
0x00007fb18321b670:   00007fb1e110e1e0 00007fb1d104784a
0x00007fb18321b680:   00007fb1e110e000 00007fb18321b6f0
0x00007fb18321b690:   00007fb18429ea30 0000000000000002 

Instructions: (pc=0x00007fb1e5d4decd)
0x00007fb1e5d4dead:   40 30 00 00 00 00 48 c7 40 28 00 00 00 00 0f 84
0x00007fb1e5d4debd:   bf 01 00 00 49 8b 0c 24 48 2b 4b 28 48 03 4b 18
0x00007fb1e5d4decd:   0f b7 41 20 44 0f b7 69 1c 49 89 ce 44 0f b7 61
0x00007fb1e5d4dedd:   1e 89 45 c0 41 8b 46 0c 48 c7 45 c8 00 00 00 00 

Register to memory mapping:

RAX=0x00007fb16c003240 is an unknown value
RBX=0x00007fb1e0dd5c20 is an unknown value
RCX=0x00007fb1b858d957 is an unknown value
RDX=0x00007fb16c003240 is an unknown value
RSP=0x00007fb18321b4a0 is pointing into the stack for thread: 0x00007fb1e110e000
RBP=0x00007fb18321b510 is pointing into the stack for thread: 0x00007fb1e110e000
RSI=0x00007fb16c000038 is an unknown value
RDI=0x0000000000000003 is an unknown value
R8 =0x0000000000000000 is an unknown value
R9 =0x00007fb1e8577040: <offset 0xefc040> in /usr/lib/jvm/java-8-openjdk-amd64/jre/lib/amd64/server/libjvm.so at 0x00007fb1e767b000
R10=0x00007fb1d113e2d8 is at entry_point+88 in (nmethod*)0x00007fb1d113e110
R11=0x00000000eb75ad48 is an oop
